#
# There is insufficient memory for the Java Runtime Environment to continue.
# Native memory allocation (malloc) failed to allocate 1048576 bytes for AllocateHeap
# Possible reasons:
#   The system is out of physical RAM or swap space
#   In 32 bit mode, the process size limit was hit
# Possible solutions:
#   Reduce memory load on the system
#   Increase physical memory or swap space
#   Check if swap backing store is full
#   Use 64 bit Java on a 64 bit OS
#   Decrease Java heap size (-Xmx/-Xms)
#   Decrease number of Java threads
#   Decrease Java thread stack sizes (-Xss)
#   Set larger code cache with -XX:ReservedCodeCacheSize=
# This output file may be truncated or incomplete.
#
#  Out of Memory Error (memory/allocation.inline.hpp:61), pid=26424, tid=0x0000000000001c78
#
# JRE version:  (8.0_141-b15) (build )
# Java VM: Java HotSpot(TM) 64-Bit Server VM (25.141-b15 mixed mode windows-amd64 compressed oops)
# Failed to write core dump. Minidumps are not enabled by default on client versions of Windows
#

---------------  T H R E A D  ---------------

Current thread (0x0000000004800800):  JavaThread "Unknown thread" [_thread_in_vm, id=7288, stack(0x0000000004700000,0x0000000004800000)]

Stack: [0x0000000004700000,0x0000000004800000]
[error occurred during error reporting (printing stack bounds), id 0xc0000005]

Native frames: (J=compiled Java code, j=interpreted, Vv=VM code, C=native code)


---------------  P R O C E S S  ---------------

Java Threads: ( => current thread )

Other Threads:

=>0x0000000004800800 (exited) JavaThread "Unknown thread" [_thread_in_vm, id=7288, stack(0x0000000004700000,0x0000000004800000)]

VM state:not at safepoint (normal execution)

VM Mutex/Monitor currently owned by a thread: None

Heap:
 PSYoungGen      total 38400K, used 665K [0x00000000d5e00000, 0x00000000d8880000, 0x0000000100000000)
  eden space 33280K, 2% used [0x00000000d5e00000,0x00000000d5ea6670,0x00000000d7e80000)
  from space 5120K, 0% used [0x00000000d8380000,0x00000000d8380000,0x00000000d8880000)
  to   space 5120K, 0% used [0x00000000d7e80000,0x00000000d7e80000,0x00000000d8380000)
 ParOldGen       total 87552K, used 0K [0x0000000081a00000, 0x0000000086f80000, 0x00000000d5e00000)
  object space 87552K, 0% used [0x0000000081a00000,0x0000000081a00000,0x0000000086f80000)
 Metaspace       used 746K, capacity 4480K, committed 4480K, reserved 1056768K
  class space    used 75K, capacity 384K, committed 384K, reserved 1048576K

Card table byte_map: [0x0000000013cc0000,0x00000000140c0000] byte_map_base: 0x00000000138b3000

Marking Bits: (ParMarkBitMap*) 0x0000000073f2d850
 Begin Bits: [0x0000000014b70000, 0x0000000016b08000)
 End Bits:   [0x0000000016b08000, 0x0000000018aa0000)

Polling page: 0x0000000002d50000

CodeCache: size=245760Kb used=328Kb max_used=328Kb free=245431Kb
 bounds [0x0000000004900000, 0x0000000004b70000, 0x0000000013900000]
 total_blobs=58 nmethods=0 adapters=38
 compilation: enabled

Compilation events (0 events):
No events

GC Heap History (0 events):
No events

Deoptimization events (0 events):
No events

Internal exceptions (0 events):
No events

Events (10 events):
Event: 0.036 loading class java/lang/Short
Event: 0.036 loading class java/lang/Short done
Event: 0.036 loading class java/lang/Integer
Event: 0.037 loading class java/lang/Integer done
Event: 0.037 loading class java/lang/Long
Event: 0.037 loading class java/lang/Long done
Event: 0.038 loading class java/lang/NullPointerException
Event: 0.038 loading class java/lang/NullPointerException done
Event: 0.038 loading class java/lang/ArithmeticException
Event: 0.038 loading class java/lang/ArithmeticException done


Dynamic libraries:
0x00007ff6d72b0000 - 0x00007ff6d72e7000 	C:\Program Files\Java\jre1.8.0_141\bin\javaw.exe
0x00007fff2aa40000 - 0x00007fff2ac20000 	C:\WINDOWS\SYSTEM32\ntdll.dll
0x00007fff28860000 - 0x00007fff2890e000 	C:\WINDOWS\System32\KERNEL32.DLL
0x00007fff27390000 - 0x00007fff275f6000 	C:\WINDOWS\System32\KERNELBASE.dll
0x00007fff2a960000 - 0x00007fff2aa01000 	C:\WINDOWS\System32\ADVAPI32.dll
0x00007fff2a750000 - 0x00007fff2a7ed000 	C:\WINDOWS\System32\msvcrt.dll
0x00007fff28a80000 - 0x00007fff28adb000 	C:\WINDOWS\System32\sechost.dll
0x00007fff283c0000 - 0x00007fff284df000 	C:\WINDOWS\System32\RPCRT4.dll
0x00007fff29020000 - 0x00007fff291af000 	C:\WINDOWS\System32\USER32.dll
0x00007fff276a0000 - 0x00007fff276c0000 	C:\WINDOWS\System32\win32u.dll
0x00007fff27f10000 - 0x00007fff27f38000 	C:\WINDOWS\System32\GDI32.dll
0x00007fff27190000 - 0x00007fff27323000 	C:\WINDOWS\System32\gdi32full.dll
0x00007fff27600000 - 0x00007fff2769b000 	C:\WINDOWS\System32\msvcp_win.dll
0x00007fff26ec0000 - 0x00007fff26fb6000 	C:\WINDOWS\System32\ucrtbase.dll
0x00007fff19c90000 - 0x00007fff19ef9000 	C:\WINDOWS\WinSxS\amd64_microsoft.windows.common-controls_6595b64144ccf1df_6.0.16299.125_none_15cbcf8893620c09\COMCTL32.dll
0x00007fff28d10000 - 0x00007fff29018000 	C:\WINDOWS\System32\combase.dll
0x00007fff26e40000 - 0x00007fff26eb2000 	C:\WINDOWS\System32\bcryptPrimitives.dll
0x00007fff27f40000 - 0x00007fff27f6d000 	C:\WINDOWS\System32\IMM32.DLL
0x0000000073460000 - 0x0000000073532000 	C:\Program Files\Java\jre1.8.0_141\bin\msvcr100.dll
0x0000000073710000 - 0x0000000073fad000 	C:\Program Files\Java\jre1.8.0_141\bin\server\jvm.dll
0x00007fff29300000 - 0x00007fff29308000 	C:\WINDOWS\System32\PSAPI.DLL
0x00007fff1ce30000 - 0x00007fff1ce39000 	C:\WINDOWS\SYSTEM32\WSOCK32.dll
0x00007fff22410000 - 0x00007fff22433000 	C:\WINDOWS\SYSTEM32\WINMM.dll
0x00007fff21c40000 - 0x00007fff21c4a000 	C:\WINDOWS\SYSTEM32\VERSION.dll
0x00007fff28b40000 - 0x00007fff28bac000 	C:\WINDOWS\System32\WS2_32.dll
0x00007fff22320000 - 0x00007fff2234a000 	C:\WINDOWS\SYSTEM32\WINMMBASE.dll
0x00007fff27ec0000 - 0x00007fff27f0a000 	C:\WINDOWS\System32\cfgmgr32.dll
0x0000000073620000 - 0x000000007362f000 	C:\Program Files\Java\jre1.8.0_141\bin\verify.dll
0x00000000735f0000 - 0x0000000073619000 	C:\Program Files\Java\jre1.8.0_141\bin\java.dll
0x00000000735d0000 - 0x00000000735e6000 	C:\Program Files\Java\jre1.8.0_141\bin\zip.dll

VM Arguments:
jvm_args: -Dfile.encoding=Cp1252 
java_command: Start
java_class_path (initial): C:\Users\Razvan\eclipse-workspace\TemaPOO\bin
Launcher Type: SUN_STANDARD

Environment Variables:
PATH=C:/Program Files/Java/jre1.8.0_141/bin/server;C:/Program Files/Java/jre1.8.0_141/bin;C:/Program Files/Java/jre1.8.0_141/lib/amd64;C:\ProgramData\Oracle\Java\javapath;C:\Program Files (x86)\Intel\iCLS Client\;C:\Program Files\Intel\iCLS Client\;C:\Windows\system32;C:\Windows;C:\Windows\System32\Wbem;C:\Windows\System32\WindowsPowerShell\v1.0\;C:\Program Files (x86)\Intel\Intel(R) Management Engine Components\DAL;C:\Program Files\Intel\Intel(R) Management Engine Components\DAL;C:\Program Files (x86)\Intel\Intel(R) Management Engine Components\IPT;C:\Program Files\Intel\Intel(R) Management Engine Components\IPT;C:\Program Files (x86)\NVIDIA Corporation\PhysX\Common;C:\WINDOWS\system32;C:\WINDOWS;C:\WINDOWS\System32\Wbem;C:\WINDOWS\System32\WindowsPowerShell\v1.0\;C:\Program Files (x86)\Skype\Phone\;D:\Matlabfree\runtime\win64;D:\Matlabfree\bin;D:\tex\miktex\bin\x64\;C:\Users\Razvan\AppData\Local\Microsoft\WindowsApps;;D:\Microsoft VS Code\bin;C:\Users\Razvan\Desktop;
USERNAME=Razvan
OS=Windows_NT
PROCESSOR_IDENTIFIER=Intel64 Family 6 Model 94 Stepping 3, GenuineIntel



---------------  S Y S T E M  ---------------

OS: Windows 10.0 , 64 bit Build 16299 (10.0.16299.15)

CPU:total 8 (initial active 8) (4 cores per cpu, 2 threads per core) family 6 model 94 stepping 3, cmov, cx8, fxsr, mmx, sse, sse2, sse3, ssse3, sse4.1, sse4.2, popcnt, avx, avx2, aes, clmul, erms, rtm, 3dnowpref, lzcnt, ht, tsc, tscinvbit, bmi1, bmi2, adx

Memory: 4k page, physical 8276540k(2061092k free), swap 23847864k(5272k free)

vm_info: Java HotSpot(TM) 64-Bit Server VM (25.141-b15) for windows-amd64 JRE (1.8.0_141-b15), built on Jul 12 2017 04:25:12 by "java_re" with MS VC++ 10.0 (VS2010)

time: Thu Jan 11 23:01:49 2018
elapsed time: 0 seconds (0d 0h 0m 0s)

